# JRE version: Java(TM) SE Runtime Environment (22.0.1+8) (build 22.0.1+8-16)
# Java VM: Java HotSpot(TM) 64-Bit Server VM (22.0.1+8-16, mixed mode, emulated-client, sharing, tiered, compressed oops, compressed class ptrs, g1 gc, windows-amd64)
GC Precious Log:
 CardTable entry size: 512
 Card Set container configuration: InlinePtr #cards 5 size 8 Array Of Cards #cards 12 size 40 Howl #buckets 4 coarsen threshold 1843 Howl Bitmap #cards 512 size 80 coarsen threshold 460 Card regions per heap region 1 cards per card region 2048
 CPUs: 8 total, 8 available
 Memory: 8023M
 Large Page Support: Disabled
 NUMA Support: Disabled
 Compressed Oops: Enabled (32-bit)
 Heap Region Size: 1M
 Heap Min Capacity: 8M
 Heap Initial Capacity: 126M
 Heap Max Capacity: 2006M
 Pre-touch: Disabled
 Parallel Workers: 8
 Concurrent Workers: 2
 Concurrent Refinement Workers: 8
 Periodic GC: Disabled
Heap:
 garbage-first heap   total reserved 2054144K, committed 65536K, used 36989K [0x0000000082a00000, 0x0000000100000000)
  region size 1024K, 13 young (13312K), 4 survivors (4096K)
 Metaspace       used 65957K, committed 66688K, reserved 1114112K
  class space    used 9339K, committed 9664K, reserved 1048576K
GC Heap History (20 events):
Event: 2.905 GC heap before
{Heap before GC invocations=4 (full 0):
 garbage-first heap   total reserved 2054144K, committed 45056K, used 33852K [0x0000000082a00000, 0x0000000100000000)
  region size 1024K, 26 young (26624K), 5 survivors (5120K)
 Metaspace       used 22974K, committed 23360K, reserved 1114112K
  class space    used 3017K, committed 3200K, reserved 1048576K
}
Event: 2.915 GC heap after
{Heap after GC invocations=5 (full 0):
 garbage-first heap   total reserved 2054144K, committed 45056K, used 13914K [0x0000000082a00000, 0x0000000100000000)
  region size 1024K, 4 young (4096K), 4 survivors (4096K)
 Metaspace       used 22974K, committed 23360K, reserved 1114112K
  class space    used 3017K, committed 3200K, reserved 1048576K
}
Event: 3.506 GC heap before
{Heap before GC invocations=5 (full 0):
 garbage-first heap   total reserved 2054144K, committed 45056K, used 34394K [0x0000000082a00000, 0x0000000100000000)
  region size 1024K, 24 young (24576K), 4 survivors (4096K)
 Metaspace       used 26175K, committed 26624K, reserved 1114112K
  class space    used 3501K, committed 3712K, reserved 1048576K
}
Event: 3.515 GC heap after
{Heap after GC invocations=6 (full 0):
 garbage-first heap   total reserved 2054144K, committed 54272K, used 15261K [0x0000000082a00000, 0x0000000100000000)
  region size 1024K, 2 young (2048K), 2 survivors (2048K)
 Metaspace       used 26175K, committed 26624K, reserved 1114112K
  class space    used 3501K, committed 3712K, reserved 1048576K
}
Event: 4.349 GC heap before
{Heap before GC invocations=6 (full 0):
 garbage-first heap   total reserved 2054144K, committed 54272K, used 42909K [0x0000000082a00000, 0x0000000100000000)
  region size 1024K, 29 young (29696K), 2 survivors (2048K)
 Metaspace       used 30624K, committed 31232K, reserved 1114112K
  class space    used 4156K, committed 4416K, reserved 1048576K
}
Event: 4.355 GC heap after
{Heap after GC invocations=7 (full 0):
 garbage-first heap   total reserved 2054144K, committed 54272K, used 17724K [0x0000000082a00000, 0x0000000100000000)
  region size 1024K, 4 young (4096K), 4 survivors (4096K)
 Metaspace       used 30624K, committed 31232K, reserved 1114112K
  class space    used 4156K, committed 4416K, reserved 1048576K
}
Event: 4.932 GC heap before
{Heap before GC invocations=7 (full 0):
 garbage-first heap   total reserved 2054144K, committed 54272K, used 40252K [0x0000000082a00000, 0x0000000100000000)
  region size 1024K, 28 young (28672K), 4 survivors (4096K)
 Metaspace       used 35597K, committed 36160K, reserved 1114112K
  class space    used 4882K, committed 5120K, reserved 1048576K
}
Event: 4.937 GC heap after
{Heap after GC invocations=8 (full 0):
 garbage-first heap   total reserved 2054144K, committed 54272K, used 19312K [0x0000000082a00000, 0x0000000100000000)
  region size 1024K, 2 young (2048K), 2 survivors (2048K)
 Metaspace       used 35597K, committed 36160K, reserved 1114112K
  class space    used 4882K, committed 5120K, reserved 1048576K
}
Event: 6.027 GC heap before
{Heap before GC invocations=9 (full 0):
 garbage-first heap   total reserved 2054144K, committed 54272K, used 44912K [0x0000000082a00000, 0x0000000100000000)
  region size 1024K, 27 young (27648K), 2 survivors (2048K)
 Metaspace       used 44176K, committed 44800K, reserved 1114112K
  class space    used 6079K, committed 6336K, reserved 1048576K
}
Event: 6.032 GC heap after
{Heap after GC invocations=10 (full 0):
 garbage-first heap   total reserved 2054144K, committed 54272K, used 21306K [0x0000000082a00000, 0x0000000100000000)
  region size 1024K, 4 young (4096K), 4 survivors (4096K)
 Metaspace       used 44176K, committed 44800K, reserved 1114112K
  class space    used 6079K, committed 6336K, reserved 1048576K
}
Event: 6.503 GC heap before
{Heap before GC invocations=10 (full 0):
 garbage-first heap   total reserved 2054144K, committed 54272K, used 44858K [0x0000000082a00000, 0x0000000100000000)
  region size 1024K, 27 young (27648K), 4 survivors (4096K)
 Metaspace       used 48590K, committed 49216K, reserved 1114112K
  class space    used 6683K, committed 6912K, reserved 1048576K
}
Event: 6.508 GC heap after
{Heap after GC invocations=11 (full 0):
 garbage-first heap   total reserved 2054144K, committed 54272K, used 22826K [0x0000000082a00000, 0x0000000100000000)
  region size 1024K, 2 young (2048K), 2 survivors (2048K)
 Metaspace       used 48590K, committed 49216K, reserved 1114112K
  class space    used 6683K, committed 6912K, reserved 1048576K
}
Event: 7.083 GC heap before
{Heap before GC invocations=11 (full 0):
 garbage-first heap   total reserved 2054144K, committed 54272K, used 45354K [0x0000000082a00000, 0x0000000100000000)
  region size 1024K, 25 young (25600K), 2 survivors (2048K)
 Metaspace       used 55078K, committed 55744K, reserved 1114112K
  class space    used 7774K, committed 8064K, reserved 1048576K
}
Event: 7.086 GC heap after
{Heap after GC invocations=12 (full 0):
 garbage-first heap   total reserved 2054144K, committed 54272K, used 23521K [0x0000000082a00000, 0x0000000100000000)
  region size 1024K, 3 young (3072K), 3 survivors (3072K)
 Metaspace       used 55078K, committed 55744K, reserved 1114112K
  class space    used 7774K, committed 8064K, reserved 1048576K
}
Event: 7.554 GC heap before
{Heap before GC invocations=12 (full 0):
 garbage-first heap   total reserved 2054144K, committed 54272K, used 46049K [0x0000000082a00000, 0x0000000100000000)
  region size 1024K, 25 young (25600K), 3 survivors (3072K)
 Metaspace       used 59865K, committed 60416K, reserved 1114112K
  class space    used 8397K, committed 8640K, reserved 1048576K
}
Event: 7.561 GC heap after
{Heap after GC invocations=13 (full 0):
 garbage-first heap   total reserved 2054144K, committed 54272K, used 25448K [0x0000000082a00000, 0x0000000100000000)
  region size 1024K, 3 young (3072K), 3 survivors (3072K)
 Metaspace       used 59865K, committed 60416K, reserved 1114112K
  class space    used 8397K, committed 8640K, reserved 1048576K
}
Event: 7.562 GC heap before
{Heap before GC invocations=13 (full 0):
 garbage-first heap   total reserved 2054144K, committed 54272K, used 25448K [0x0000000082a00000, 0x0000000100000000)
  region size 1024K, 4 young (4096K), 3 survivors (3072K)
 Metaspace       used 59868K, committed 60416K, reserved 1114112K
  class space    used 8398K, committed 8640K, reserved 1048576K
}
Event: 7.566 GC heap after
{Heap after GC invocations=14 (full 0):
 garbage-first heap   total reserved 2054144K, committed 65536K, used 25633K [0x0000000082a00000, 0x0000000100000000)
  region size 1024K, 1 young (1024K), 1 survivors (1024K)
 Metaspace       used 59868K, committed 60416K, reserved 1114112K
  class space    used 8398K, committed 8640K, reserved 1048576K
}
Event: 12.513 GC heap before
{Heap before GC invocations=15 (full 0):
 garbage-first heap   total reserved 2054144K, committed 65536K, used 57377K [0x0000000082a00000, 0x0000000100000000)
  region size 1024K, 33 young (33792K), 1 survivors (1024K)
 Metaspace       used 63797K, committed 64512K, reserved 1114112K
  class space    used 9032K, committed 9344K, reserved 1048576K
}
Event: 12.525 GC heap after
{Heap after GC invocations=16 (full 0):
 garbage-first heap   total reserved 2054144K, committed 65536K, used 28797K [0x0000000082a00000, 0x0000000100000000)
  region size 1024K, 4 young (4096K), 4 survivors (4096K)
 Metaspace       used 63797K, committed 64512K, reserved 1114112K
  class space    used 9032K, committed 9344K, reserved 1048576K
}

